<?xml version="1.0" encoding="UTF-8"?>
<testsuite name="com.example.service.CalculateSimpleTest" time="0" tests="10" errors="0" skipped="0" failures="0">
  <properties>
[...]
</properties>
  <testcase name="testAdd" classname="com.example.service.CalculateSimpleTest" time="0"/>
  <testcase name="testSubtract" classname="com.example.service.CalculateSimpleTest" time="0"/>
  <testcase name="testPower" classname="com.example.service.CalculateSimpleTest" time="0"/>
  <testcase name="testSqrt" classname="com.example.service.CalculateSimpleTest" time="0"/>
  <testcase name="testFactorial" classname="com.example.service.CalculateSimpleTest" time="0"/>
  <testcase name="testFibonacci" classname="com.example.service.CalculateSimpleTest" time="0"/>
  <testcase name="testClearAdvanced" classname="com.example.service.CalculateSimpleTest" time="0"/>
  <testcase name="testDivide" classname="com.example.service.CalculateSimpleTest" time="0"/>
  <testcase name="testMultiply" classname="com.example.service.CalculateSimpleTest" time="0"/>
  <testcase name="testClearSimple" classname="com.example.service.CalculateSimpleTest" time="0"/>
</testsuite>